<?xml version="1.0" ?>
<coverage version="7.4.4" timestamp="1711192656317" lines-valid="14" lines-covered="14" line-rate="1" branches-valid="7" branches-covered="6" branch-rate="0.8571" complexity="0">
	<!-- Generated by coverage.py: https://coverage.readthedocs.io/en/7.4.4 -->
	<!-- Based on https://raw.githubusercontent.com/cobertura/web/master/htdocs/xml/coverage-04.dtd -->
	<sources>
		<source>/mnt/c/Users/gryal/OxfordRSE_ci_course_start/ci_course</source>
	</sources>
	<packages>
		<package name="." line-rate="1" branch-rate="0.8571" complexity="0">
			<classes>
				<class name="__init__.py" filename="__init__.py" complexity="0" line-rate="1" branch-rate="1">
					<methods/>
					<lines>
						<line number="1" hits="1"/>
						<line number="2" hits="1"/>
						<line number="4" hits="1"/>
					</lines>
				</class>
				<class name="functionality.py" filename="functionality.py" complexity="0" line-rate="1" branch-rate="0.8571">
					<methods/>
					<lines>
						<line number="1" hits="1"/>
						<line number="4" hits="1"/>
						<line number="18" hits="1"/>
						<line number="21" hits="1"/>
						<line number="35" hits="1" branch="true" condition-coverage="100% (3/3)"/>
						<line number="36" hits="1"/>
						<line number="38" hits="1"/>
						<line number="39" hits="1" branch="true" condition-coverage="100% (2/2)"/>
						<line number="40" hits="1" branch="true" condition-coverage="50% (1/2)" missing-branches="39"/>
						<line number="41" hits="1"/>
						<line number="43" hits="1"/>
					</lines>
				</class>
			</classes>
		</package>
	</packages>
</coverage>
